starting script
###################################################################
process geoid205
###################################################################
Preparing analysis geoid205
tryset: configuration was set already to eudetPPSFeb2014FEI4
value not changed
Applying translations /remote/pcatlas70/testbeam/output/new_reco_feb/trunk20141020/eudetPPSFeb2014FEI4/geoid205/checkalign2/geoid205-checkalign-20-translations.txt for DUT 20
Applying translations /remote/pcatlas70/testbeam/output/new_reco_feb/trunk20141020/eudetPPSFeb2014FEI4/geoid205/checkalign2/geoid205-checkalign-21-translations.txt for DUT 21
Applying eta corrections /remote/pcatlas70/testbeam/output/new_reco_feb/trunk20141020/eudetPPSFeb2014FEI4/geoid205/getetacorr/geoid205-getetacorr-20-etacalib.txt for DUT 20
Applying hot pixel mask /remote/pcatlas70/testbeam/output/new_reco_feb/trunk20141020/eudetPPSFeb2014FEI4/geoid205/hotpixelfinder/geoid205-hotpixelfinder-20-masks.txt for DUT 20
Adding DUT with iden 20
Applying eta corrections /remote/pcatlas70/testbeam/output/new_reco_feb/trunk20141020/eudetPPSFeb2014FEI4/geoid205/getetacorr/geoid205-getetacorr-21-etacalib.txt for DUT 21
Applying hot pixel mask /remote/pcatlas70/testbeam/output/new_reco_feb/trunk20141020/eudetPPSFeb2014FEI4/geoid205/hotpixelfinder/geoid205-hotpixelfinder-21-masks.txt for DUT 21
Adding DUT with iden 21
Initialized EventBuilder "EuBuildTrack"
Initialized EventBuilder "PixelMasker"
Initialized EventBuilder "ClusterFinder"
Initialized EventBuilder "CheckRegion"
Initialized EventBuilder "Chi2Builder"
Initialized analysis "getetacorr" for iden 20
[ hotpixelfinder-20 ]: Cuts from DUT calib: 0 < lv1 < 16
Initialized analysis "hotpixelfinder" for iden 20
Initialized analysis "beamprofile" for iden 20
Initialized analysis "checkalign" for iden 20
Initialized analysis "checktrack" for iden 20
Initialized analysis "clusterchecker" for iden 20
Initialized analysis "clustervsrun" for iden 20
Initialized analysis "clusterpixtot" for iden 20
Initialized analysis "edgeefficiency" for iden 20
Initialized analysis "efficiency" for iden 20
Initialized analysis "efficiency2" for iden 20
Initialized analysis "efficiencyvsrun" for iden 20
Initialized analysis "maxcellres" for iden 20
Initialized analysis "qEfficiency" for iden 20
Initialized analysis "qshare1d" for iden 20
Initialized analysis "qshare2d" for iden 20
Initialized analysis "residuals" for iden 20
[ botho-20 ]: module recognized as FE-I4
Initialized analysis "botho" for iden 20
Initialized analysis "sumtot" for iden 20
Initialized analysis "getetacorr" for iden 21
[ hotpixelfinder-21 ]: Cuts from DUT calib: 0 < lv1 < 16
Initialized analysis "hotpixelfinder" for iden 21
Initialized analysis "beamprofile" for iden 21
Initialized analysis "checkalign" for iden 21
Initialized analysis "checktrack" for iden 21
Initialized analysis "clusterchecker" for iden 21
Initialized analysis "clustervsrun" for iden 21
Initialized analysis "clusterpixtot" for iden 21
Initialized analysis "edgeefficiency" for iden 21
Initialized analysis "efficiency" for iden 21
Initialized analysis "efficiency2" for iden 21
Initialized analysis "efficiencyvsrun" for iden 21
Initialized analysis "maxcellres" for iden 21
Initialized analysis "qEfficiency" for iden 21
Initialized analysis "qshare1d" for iden 21
Initialized analysis "qshare2d" for iden 21
Initialized analysis "residuals" for iden 21
[ botho-21 ]: module recognized as FE-I4
Initialized analysis "botho" for iden 21
Initialized analysis "sumtot" for iden 21
Output is being redirected to /remote/pcatlas70/testbeam/output/new_reco_feb/trunk20141020/eudetPPSFeb2014FEI4/geoid205/geoid205.log

###################################################################
process geoid206
###################################################################
Preparing analysis geoid206
tryset: configuration was set already to eudetPPSFeb2014FEI4
value not changed
Applying translations /remote/pcatlas70/testbeam/output/new_reco_feb/trunk20141020/eudetPPSFeb2014FEI4/geoid206/checkalign2/geoid206-checkalign-20-translations.txt for DUT 20
Applying translations /remote/pcatlas70/testbeam/output/new_reco_feb/trunk20141020/eudetPPSFeb2014FEI4/geoid206/checkalign2/geoid206-checkalign-21-translations.txt for DUT 21
Applying eta corrections /remote/pcatlas70/testbeam/output/new_reco_feb/trunk20141020/eudetPPSFeb2014FEI4/geoid206/getetacorr/geoid206-getetacorr-20-etacalib.txt for DUT 20
Applying hot pixel mask /remote/pcatlas70/testbeam/output/new_reco_feb/trunk20141020/eudetPPSFeb2014FEI4/geoid206/hotpixelfinder/geoid206-hotpixelfinder-20-masks.txt for DUT 20
Adding DUT with iden 20
Applying eta corrections /remote/pcatlas70/testbeam/output/new_reco_feb/trunk20141020/eudetPPSFeb2014FEI4/geoid206/getetacorr/geoid206-getetacorr-21-etacalib.txt for DUT 21
Applying hot pixel mask /remote/pcatlas70/testbeam/output/new_reco_feb/trunk20141020/eudetPPSFeb2014FEI4/geoid206/hotpixelfinder/geoid206-hotpixelfinder-21-masks.txt for DUT 21
Adding DUT with iden 21
Initialized EventBuilder "EuBuildTrack"
Initialized EventBuilder "PixelMasker"
Initialized EventBuilder "ClusterFinder"
Initialized EventBuilder "CheckRegion"
Initialized EventBuilder "Chi2Builder"
Initialized analysis "getetacorr" for iden 20
[ hotpixelfinder-20 ]: Cuts from DUT calib: 0 < lv1 < 16
Initialized analysis "hotpixelfinder" for iden 20
Initialized analysis "beamprofile" for iden 20
Initialized analysis "checkalign" for iden 20
Initialized analysis "checktrack" for iden 20
Initialized analysis "clusterchecker" for iden 20
Initialized analysis "clustervsrun" for iden 20
Initialized analysis "clusterpixtot" for iden 20
Initialized analysis "edgeefficiency" for iden 20
Initialized analysis "efficiency" for iden 20
Initialized analysis "efficiency2" for iden 20
Initialized analysis "efficiencyvsrun" for iden 20
Initialized analysis "maxcellres" for iden 20
Initialized analysis "qEfficiency" for iden 20
Initialized analysis "qshare1d" for iden 20
Initialized analysis "qshare2d" for iden 20
Initialized analysis "residuals" for iden 20
[ botho-20 ]: module recognized as FE-I4
Initialized analysis "botho" for iden 20
Initialized analysis "sumtot" for iden 20
Initialized analysis "getetacorr" for iden 21
[ hotpixelfinder-21 ]: Cuts from DUT calib: 0 < lv1 < 16
Initialized analysis "hotpixelfinder" for iden 21
Initialized analysis "beamprofile" for iden 21
Initialized analysis "checkalign" for iden 21
Initialized analysis "checktrack" for iden 21
Initialized analysis "clusterchecker" for iden 21
Initialized analysis "clustervsrun" for iden 21
Initialized analysis "clusterpixtot" for iden 21
Initialized analysis "edgeefficiency" for iden 21
Initialized analysis "efficiency" for iden 21
Initialized analysis "efficiency2" for iden 21
Initialized analysis "efficiencyvsrun" for iden 21
Initialized analysis "maxcellres" for iden 21
Initialized analysis "qEfficiency" for iden 21
Initialized analysis "qshare1d" for iden 21
Initialized analysis "qshare2d" for iden 21
Initialized analysis "residuals" for iden 21
[ botho-21 ]: module recognized as FE-I4
Initialized analysis "botho" for iden 21
Initialized analysis "sumtot" for iden 21
Output is being redirected to /remote/pcatlas70/testbeam/output/new_reco_feb/trunk20141020/eudetPPSFeb2014FEI4/geoid206/geoid206.log

###################################################################
process geoid207
###################################################################
Preparing analysis geoid207
tryset: configuration was set already to eudetPPSFeb2014FEI4
value not changed
Applying translations /remote/pcatlas70/testbeam/output/new_reco_feb/trunk20141020/eudetPPSFeb2014FEI4/geoid207/checkalign2/geoid207-checkalign-20-translations.txt for DUT 20
Applying translations /remote/pcatlas70/testbeam/output/new_reco_feb/trunk20141020/eudetPPSFeb2014FEI4/geoid207/checkalign2/geoid207-checkalign-21-translations.txt for DUT 21
Applying eta corrections /remote/pcatlas70/testbeam/output/new_reco_feb/trunk20141020/eudetPPSFeb2014FEI4/geoid207/getetacorr/geoid207-getetacorr-20-etacalib.txt for DUT 20
Applying hot pixel mask /remote/pcatlas70/testbeam/output/new_reco_feb/trunk20141020/eudetPPSFeb2014FEI4/geoid207/hotpixelfinder/geoid207-hotpixelfinder-20-masks.txt for DUT 20
Adding DUT with iden 20
Applying eta corrections /remote/pcatlas70/testbeam/output/new_reco_feb/trunk20141020/eudetPPSFeb2014FEI4/geoid207/getetacorr/geoid207-getetacorr-21-etacalib.txt for DUT 21
Applying hot pixel mask /remote/pcatlas70/testbeam/output/new_reco_feb/trunk20141020/eudetPPSFeb2014FEI4/geoid207/hotpixelfinder/geoid207-hotpixelfinder-21-masks.txt for DUT 21
Adding DUT with iden 21
Initialized EventBuilder "EuBuildTrack"
Initialized EventBuilder "PixelMasker"
Initialized EventBuilder "ClusterFinder"
Initialized EventBuilder "CheckRegion"
Initialized EventBuilder "Chi2Builder"
Initialized analysis "getetacorr" for iden 20
[ hotpixelfinder-20 ]: Cuts from DUT calib: 0 < lv1 < 16
Initialized analysis "hotpixelfinder" for iden 20
Initialized analysis "beamprofile" for iden 20
Initialized analysis "checkalign" for iden 20
Initialized analysis "checktrack" for iden 20
Initialized analysis "clusterchecker" for iden 20
Initialized analysis "clustervsrun" for iden 20
Initialized analysis "clusterpixtot" for iden 20
Initialized analysis "edgeefficiency" for iden 20
Initialized analysis "efficiency" for iden 20
Initialized analysis "efficiency2" for iden 20
Initialized analysis "efficiencyvsrun" for iden 20
Initialized analysis "maxcellres" for iden 20
Initialized analysis "qEfficiency" for iden 20
Initialized analysis "qshare1d" for iden 20
Initialized analysis "qshare2d" for iden 20
Initialized analysis "residuals" for iden 20
[ botho-20 ]: module recognized as FE-I4
Initialized analysis "botho" for iden 20
Initialized analysis "sumtot" for iden 20
Initialized analysis "getetacorr" for iden 21
[ hotpixelfinder-21 ]: Cuts from DUT calib: 0 < lv1 < 16
Initialized analysis "hotpixelfinder" for iden 21
Initialized analysis "beamprofile" for iden 21
Initialized analysis "checkalign" for iden 21
Initialized analysis "checktrack" for iden 21
Initialized analysis "clusterchecker" for iden 21
Initialized analysis "clustervsrun" for iden 21
Initialized analysis "clusterpixtot" for iden 21
Initialized analysis "edgeefficiency" for iden 21
Initialized analysis "efficiency" for iden 21
Initialized analysis "efficiency2" for iden 21
Initialized analysis "efficiencyvsrun" for iden 21
Initialized analysis "maxcellres" for iden 21
Initialized analysis "qEfficiency" for iden 21
Initialized analysis "qshare1d" for iden 21
Initialized analysis "qshare2d" for iden 21
Initialized analysis "residuals" for iden 21
[ botho-21 ]: module recognized as FE-I4
Initialized analysis "botho" for iden 21
Initialized analysis "sumtot" for iden 21
Output is being redirected to /remote/pcatlas70/testbeam/output/new_reco_feb/trunk20141020/eudetPPSFeb2014FEI4/geoid207/geoid207.log

###################################################################
process geoid208
###################################################################
Preparing analysis geoid208
tryset: configuration was set already to eudetPPSFeb2014FEI4
value not changed
Applying translations /remote/pcatlas70/testbeam/output/new_reco_feb/trunk20141020/eudetPPSFeb2014FEI4/geoid208/checkalign2/geoid208-checkalign-20-translations.txt for DUT 20
Applying translations /remote/pcatlas70/testbeam/output/new_reco_feb/trunk20141020/eudetPPSFeb2014FEI4/geoid208/checkalign2/geoid208-checkalign-21-translations.txt for DUT 21
Applying eta corrections /remote/pcatlas70/testbeam/output/new_reco_feb/trunk20141020/eudetPPSFeb2014FEI4/geoid208/getetacorr/geoid208-getetacorr-20-etacalib.txt for DUT 20
Applying hot pixel mask /remote/pcatlas70/testbeam/output/new_reco_feb/trunk20141020/eudetPPSFeb2014FEI4/geoid208/hotpixelfinder/geoid208-hotpixelfinder-20-masks.txt for DUT 20
Adding DUT with iden 20
Applying eta corrections /remote/pcatlas70/testbeam/output/new_reco_feb/trunk20141020/eudetPPSFeb2014FEI4/geoid208/getetacorr/geoid208-getetacorr-21-etacalib.txt for DUT 21
Applying hot pixel mask /remote/pcatlas70/testbeam/output/new_reco_feb/trunk20141020/eudetPPSFeb2014FEI4/geoid208/hotpixelfinder/geoid208-hotpixelfinder-21-masks.txt for DUT 21
Adding DUT with iden 21
Initialized EventBuilder "EuBuildTrack"
Initialized EventBuilder "PixelMasker"
Initialized EventBuilder "ClusterFinder"
Initialized EventBuilder "CheckRegion"
Initialized EventBuilder "Chi2Builder"
Initialized analysis "getetacorr" for iden 20
[ hotpixelfinder-20 ]: Cuts from DUT calib: 0 < lv1 < 16
Initialized analysis "hotpixelfinder" for iden 20
Initialized analysis "beamprofile" for iden 20
Initialized analysis "checkalign" for iden 20
Initialized analysis "checktrack" for iden 20
Initialized analysis "clusterchecker" for iden 20
Initialized analysis "clustervsrun" for iden 20
Initialized analysis "clusterpixtot" for iden 20
Initialized analysis "edgeefficiency" for iden 20
Initialized analysis "efficiency" for iden 20
Initialized analysis "efficiency2" for iden 20
Initialized analysis "efficiencyvsrun" for iden 20
Initialized analysis "maxcellres" for iden 20
Initialized analysis "qEfficiency" for iden 20
Initialized analysis "qshare1d" for iden 20
Initialized analysis "qshare2d" for iden 20
Initialized analysis "residuals" for iden 20
[ botho-20 ]: module recognized as FE-I4
Initialized analysis "botho" for iden 20
Initialized analysis "sumtot" for iden 20
Initialized analysis "getetacorr" for iden 21
[ hotpixelfinder-21 ]: Cuts from DUT calib: 0 < lv1 < 16
Initialized analysis "hotpixelfinder" for iden 21
Initialized analysis "beamprofile" for iden 21
Initialized analysis "checkalign" for iden 21
Initialized analysis "checktrack" for iden 21
Initialized analysis "clusterchecker" for iden 21
Initialized analysis "clustervsrun" for iden 21
Initialized analysis "clusterpixtot" for iden 21
Initialized analysis "edgeefficiency" for iden 21
Initialized analysis "efficiency" for iden 21
Initialized analysis "efficiency2" for iden 21
Initialized analysis "efficiencyvsrun" for iden 21
Initialized analysis "maxcellres" for iden 21
Initialized analysis "qEfficiency" for iden 21
Initialized analysis "qshare1d" for iden 21
Initialized analysis "qshare2d" for iden 21
Initialized analysis "residuals" for iden 21
[ botho-21 ]: module recognized as FE-I4
Initialized analysis "botho" for iden 21
Initialized analysis "sumtot" for iden 21
Output is being redirected to /remote/pcatlas70/testbeam/output/new_reco_feb/trunk20141020/eudetPPSFeb2014FEI4/geoid208/geoid208.log

###################################################################
process geoid209
###################################################################
Preparing analysis geoid209
tryset: configuration was set already to eudetPPSFeb2014FEI4
value not changed
Applying translations /remote/pcatlas70/testbeam/output/new_reco_feb/trunk20141020/eudetPPSFeb2014FEI4/geoid209/checkalign2/geoid209-checkalign-20-translations.txt for DUT 20
Applying translations /remote/pcatlas70/testbeam/output/new_reco_feb/trunk20141020/eudetPPSFeb2014FEI4/geoid209/checkalign2/geoid209-checkalign-21-translations.txt for DUT 21
Applying eta corrections /remote/pcatlas70/testbeam/output/new_reco_feb/trunk20141020/eudetPPSFeb2014FEI4/geoid209/getetacorr/geoid209-getetacorr-20-etacalib.txt for DUT 20
Applying hot pixel mask /remote/pcatlas70/testbeam/output/new_reco_feb/trunk20141020/eudetPPSFeb2014FEI4/geoid209/hotpixelfinder/geoid209-hotpixelfinder-20-masks.txt for DUT 20
Adding DUT with iden 20
Applying eta corrections /remote/pcatlas70/testbeam/output/new_reco_feb/trunk20141020/eudetPPSFeb2014FEI4/geoid209/getetacorr/geoid209-getetacorr-21-etacalib.txt for DUT 21
Applying hot pixel mask /remote/pcatlas70/testbeam/output/new_reco_feb/trunk20141020/eudetPPSFeb2014FEI4/geoid209/hotpixelfinder/geoid209-hotpixelfinder-21-masks.txt for DUT 21
Adding DUT with iden 21
Initialized EventBuilder "EuBuildTrack"
Initialized EventBuilder "PixelMasker"
Initialized EventBuilder "ClusterFinder"
Initialized EventBuilder "CheckRegion"
Initialized EventBuilder "Chi2Builder"
Initialized analysis "getetacorr" for iden 20
[ hotpixelfinder-20 ]: Cuts from DUT calib: 0 < lv1 < 16
Initialized analysis "hotpixelfinder" for iden 20
Initialized analysis "beamprofile" for iden 20
Initialized analysis "checkalign" for iden 20
Initialized analysis "checktrack" for iden 20
Initialized analysis "clusterchecker" for iden 20
Initialized analysis "clustervsrun" for iden 20
Initialized analysis "clusterpixtot" for iden 20
Initialized analysis "edgeefficiency" for iden 20
Initialized analysis "efficiency" for iden 20
Initialized analysis "efficiency2" for iden 20
Initialized analysis "efficiencyvsrun" for iden 20
Initialized analysis "maxcellres" for iden 20
Initialized analysis "qEfficiency" for iden 20
Initialized analysis "qshare1d" for iden 20
Initialized analysis "qshare2d" for iden 20
Initialized analysis "residuals" for iden 20
[ botho-20 ]: module recognized as FE-I4
Initialized analysis "botho" for iden 20
Initialized analysis "sumtot" for iden 20
Initialized analysis "getetacorr" for iden 21
[ hotpixelfinder-21 ]: Cuts from DUT calib: 0 < lv1 < 16
Initialized analysis "hotpixelfinder" for iden 21
Initialized analysis "beamprofile" for iden 21
Initialized analysis "checkalign" for iden 21
Initialized analysis "checktrack" for iden 21
Initialized analysis "clusterchecker" for iden 21
Initialized analysis "clustervsrun" for iden 21
Initialized analysis "clusterpixtot" for iden 21
Initialized analysis "edgeefficiency" for iden 21
Initialized analysis "efficiency" for iden 21
Initialized analysis "efficiency2" for iden 21
Initialized analysis "efficiencyvsrun" for iden 21
Initialized analysis "maxcellres" for iden 21
Initialized analysis "qEfficiency" for iden 21
Initialized analysis "qshare1d" for iden 21
Initialized analysis "qshare2d" for iden 21
Initialized analysis "residuals" for iden 21
[ botho-21 ]: module recognized as FE-I4
Initialized analysis "botho" for iden 21
Initialized analysis "sumtot" for iden 21
Output is being redirected to /remote/pcatlas70/testbeam/output/new_reco_feb/trunk20141020/eudetPPSFeb2014FEI4/geoid209/geoid209.log

###################################################################
process geoid210
###################################################################
Preparing analysis geoid210
tryset: configuration was set already to eudetPPSFeb2014FEI4
value not changed
Applying translations /remote/pcatlas70/testbeam/output/new_reco_feb/trunk20141020/eudetPPSFeb2014FEI4/geoid210/checkalign2/geoid210-checkalign-20-translations.txt for DUT 20
Applying translations /remote/pcatlas70/testbeam/output/new_reco_feb/trunk20141020/eudetPPSFeb2014FEI4/geoid210/checkalign2/geoid210-checkalign-21-translations.txt for DUT 21
Applying eta corrections /remote/pcatlas70/testbeam/output/new_reco_feb/trunk20141020/eudetPPSFeb2014FEI4/geoid210/getetacorr/geoid210-getetacorr-20-etacalib.txt for DUT 20
Applying hot pixel mask /remote/pcatlas70/testbeam/output/new_reco_feb/trunk20141020/eudetPPSFeb2014FEI4/geoid210/hotpixelfinder/geoid210-hotpixelfinder-20-masks.txt for DUT 20
Adding DUT with iden 20
Applying eta corrections /remote/pcatlas70/testbeam/output/new_reco_feb/trunk20141020/eudetPPSFeb2014FEI4/geoid210/getetacorr/geoid210-getetacorr-21-etacalib.txt for DUT 21
Applying hot pixel mask /remote/pcatlas70/testbeam/output/new_reco_feb/trunk20141020/eudetPPSFeb2014FEI4/geoid210/hotpixelfinder/geoid210-hotpixelfinder-21-masks.txt for DUT 21
Adding DUT with iden 21
Initialized EventBuilder "EuBuildTrack"
Initialized EventBuilder "PixelMasker"
Initialized EventBuilder "ClusterFinder"
Initialized EventBuilder "CheckRegion"
Initialized EventBuilder "Chi2Builder"
Initialized analysis "getetacorr" for iden 20
[ hotpixelfinder-20 ]: Cuts from DUT calib: 0 < lv1 < 16
Initialized analysis "hotpixelfinder" for iden 20
Initialized analysis "beamprofile" for iden 20
Initialized analysis "checkalign" for iden 20
Initialized analysis "checktrack" for iden 20
Initialized analysis "clusterchecker" for iden 20
Initialized analysis "clustervsrun" for iden 20
Initialized analysis "clusterpixtot" for iden 20
Initialized analysis "edgeefficiency" for iden 20
Initialized analysis "efficiency" for iden 20
Initialized analysis "efficiency2" for iden 20
Initialized analysis "efficiencyvsrun" for iden 20
Initialized analysis "maxcellres" for iden 20
Initialized analysis "qEfficiency" for iden 20
Initialized analysis "qshare1d" for iden 20
Initialized analysis "qshare2d" for iden 20
Initialized analysis "residuals" for iden 20
[ botho-20 ]: module recognized as FE-I4
Initialized analysis "botho" for iden 20
Initialized analysis "sumtot" for iden 20
Initialized analysis "getetacorr" for iden 21
[ hotpixelfinder-21 ]: Cuts from DUT calib: 0 < lv1 < 16
Initialized analysis "hotpixelfinder" for iden 21
Initialized analysis "beamprofile" for iden 21
Initialized analysis "checkalign" for iden 21
Initialized analysis "checktrack" for iden 21
Initialized analysis "clusterchecker" for iden 21
Initialized analysis "clustervsrun" for iden 21
Initialized analysis "clusterpixtot" for iden 21
Initialized analysis "edgeefficiency" for iden 21
Initialized analysis "efficiency" for iden 21
Initialized analysis "efficiency2" for iden 21
Initialized analysis "efficiencyvsrun" for iden 21
Initialized analysis "maxcellres" for iden 21
Initialized analysis "qEfficiency" for iden 21
Initialized analysis "qshare1d" for iden 21
Initialized analysis "qshare2d" for iden 21
Initialized analysis "residuals" for iden 21
[ botho-21 ]: module recognized as FE-I4
Initialized analysis "botho" for iden 21
Initialized analysis "sumtot" for iden 21
Output is being redirected to /remote/pcatlas70/testbeam/output/new_reco_feb/trunk20141020/eudetPPSFeb2014FEI4/geoid210/geoid210.log

