starting script
###################################################################
process geoid211
###################################################################
Preparing analysis geoid211
tryset: configuration was set already to eudetPPSFeb2014FEI4
value not changed
Applying translations /remote/pcatlas70/testbeam/output/new_reco_feb/trunk20141020/eudetPPSFeb2014FEI4/geoid211/checkalign2/geoid211-checkalign-20-translations.txt for DUT 20
Applying translations /remote/pcatlas70/testbeam/output/new_reco_feb/trunk20141020/eudetPPSFeb2014FEI4/geoid211/checkalign2/geoid211-checkalign-21-translations.txt for DUT 21
Applying eta corrections /remote/pcatlas70/testbeam/output/new_reco_feb/trunk20141020/eudetPPSFeb2014FEI4/geoid211/getetacorr/geoid211-getetacorr-20-etacalib.txt for DUT 20
Applying hot pixel mask /remote/pcatlas70/testbeam/output/new_reco_feb/trunk20141020/eudetPPSFeb2014FEI4/geoid211/hotpixelfinder/geoid211-hotpixelfinder-20-masks.txt for DUT 20
Adding DUT with iden 20
Applying eta corrections /remote/pcatlas70/testbeam/output/new_reco_feb/trunk20141020/eudetPPSFeb2014FEI4/geoid211/getetacorr/geoid211-getetacorr-21-etacalib.txt for DUT 21
Applying hot pixel mask /remote/pcatlas70/testbeam/output/new_reco_feb/trunk20141020/eudetPPSFeb2014FEI4/geoid211/hotpixelfinder/geoid211-hotpixelfinder-21-masks.txt for DUT 21
Adding DUT with iden 21
Initialized EventBuilder "EuBuildTrack"
Initialized EventBuilder "PixelMasker"
Initialized EventBuilder "ClusterFinder"
Initialized EventBuilder "CheckRegion"
Initialized EventBuilder "Chi2Builder"
Initialized analysis "getetacorr" for iden 20
[ hotpixelfinder-20 ]: Cuts from DUT calib: 0 < lv1 < 16
Initialized analysis "hotpixelfinder" for iden 20
Initialized analysis "beamprofile" for iden 20
Initialized analysis "checkalign" for iden 20
Initialized analysis "checktrack" for iden 20
Initialized analysis "clusterchecker" for iden 20
Initialized analysis "clustervsrun" for iden 20
Initialized analysis "clusterpixtot" for iden 20
Initialized analysis "edgeefficiency" for iden 20
Initialized analysis "efficiency" for iden 20
Initialized analysis "efficiency2" for iden 20
Initialized analysis "efficiencyvsrun" for iden 20
Initialized analysis "maxcellres" for iden 20
Initialized analysis "qEfficiency" for iden 20
Initialized analysis "qshare1d" for iden 20
Initialized analysis "qshare2d" for iden 20
Initialized analysis "residuals" for iden 20
[ botho-20 ]: module recognized as FE-I4
Initialized analysis "botho" for iden 20
Initialized analysis "sumtot" for iden 20
Initialized analysis "getetacorr" for iden 21
[ hotpixelfinder-21 ]: Cuts from DUT calib: 0 < lv1 < 16
Initialized analysis "hotpixelfinder" for iden 21
Initialized analysis "beamprofile" for iden 21
Initialized analysis "checkalign" for iden 21
Initialized analysis "checktrack" for iden 21
Initialized analysis "clusterchecker" for iden 21
Initialized analysis "clustervsrun" for iden 21
Initialized analysis "clusterpixtot" for iden 21
Initialized analysis "edgeefficiency" for iden 21
Initialized analysis "efficiency" for iden 21
Initialized analysis "efficiency2" for iden 21
Initialized analysis "efficiencyvsrun" for iden 21
Initialized analysis "maxcellres" for iden 21
Initialized analysis "qEfficiency" for iden 21
Initialized analysis "qshare1d" for iden 21
Initialized analysis "qshare2d" for iden 21
Initialized analysis "residuals" for iden 21
[ botho-21 ]: module recognized as FE-I4
Initialized analysis "botho" for iden 21
Initialized analysis "sumtot" for iden 21
Output is being redirected to /remote/pcatlas70/testbeam/output/new_reco_feb/trunk20141020/eudetPPSFeb2014FEI4/geoid211/geoid211.log

###################################################################
process geoid212
###################################################################
Preparing analysis geoid212
tryset: configuration was set already to eudetPPSFeb2014FEI4
value not changed
Applying translations /remote/pcatlas70/testbeam/output/new_reco_feb/trunk20141020/eudetPPSFeb2014FEI4/geoid212/checkalign2/geoid212-checkalign-20-translations.txt for DUT 20
Applying translations /remote/pcatlas70/testbeam/output/new_reco_feb/trunk20141020/eudetPPSFeb2014FEI4/geoid212/checkalign2/geoid212-checkalign-21-translations.txt for DUT 21
Applying eta corrections /remote/pcatlas70/testbeam/output/new_reco_feb/trunk20141020/eudetPPSFeb2014FEI4/geoid212/getetacorr/geoid212-getetacorr-20-etacalib.txt for DUT 20
Applying hot pixel mask /remote/pcatlas70/testbeam/output/new_reco_feb/trunk20141020/eudetPPSFeb2014FEI4/geoid212/hotpixelfinder/geoid212-hotpixelfinder-20-masks.txt for DUT 20
Adding DUT with iden 20
Applying eta corrections /remote/pcatlas70/testbeam/output/new_reco_feb/trunk20141020/eudetPPSFeb2014FEI4/geoid212/getetacorr/geoid212-getetacorr-21-etacalib.txt for DUT 21
Applying hot pixel mask /remote/pcatlas70/testbeam/output/new_reco_feb/trunk20141020/eudetPPSFeb2014FEI4/geoid212/hotpixelfinder/geoid212-hotpixelfinder-21-masks.txt for DUT 21
Adding DUT with iden 21
Initialized EventBuilder "EuBuildTrack"
Initialized EventBuilder "PixelMasker"
Initialized EventBuilder "ClusterFinder"
Initialized EventBuilder "CheckRegion"
Initialized EventBuilder "Chi2Builder"
Initialized analysis "getetacorr" for iden 20
[ hotpixelfinder-20 ]: Cuts from DUT calib: 0 < lv1 < 16
Initialized analysis "hotpixelfinder" for iden 20
Initialized analysis "beamprofile" for iden 20
Initialized analysis "checkalign" for iden 20
Initialized analysis "checktrack" for iden 20
Initialized analysis "clusterchecker" for iden 20
Initialized analysis "clustervsrun" for iden 20
Initialized analysis "clusterpixtot" for iden 20
Initialized analysis "edgeefficiency" for iden 20
Initialized analysis "efficiency" for iden 20
Initialized analysis "efficiency2" for iden 20
Initialized analysis "efficiencyvsrun" for iden 20
Initialized analysis "maxcellres" for iden 20
Initialized analysis "qEfficiency" for iden 20
Initialized analysis "qshare1d" for iden 20
Initialized analysis "qshare2d" for iden 20
Initialized analysis "residuals" for iden 20
[ botho-20 ]: module recognized as FE-I4
Initialized analysis "botho" for iden 20
Initialized analysis "sumtot" for iden 20
Initialized analysis "getetacorr" for iden 21
[ hotpixelfinder-21 ]: Cuts from DUT calib: 0 < lv1 < 16
Initialized analysis "hotpixelfinder" for iden 21
Initialized analysis "beamprofile" for iden 21
Initialized analysis "checkalign" for iden 21
Initialized analysis "checktrack" for iden 21
Initialized analysis "clusterchecker" for iden 21
Initialized analysis "clustervsrun" for iden 21
Initialized analysis "clusterpixtot" for iden 21
Initialized analysis "edgeefficiency" for iden 21
Initialized analysis "efficiency" for iden 21
Initialized analysis "efficiency2" for iden 21
Initialized analysis "efficiencyvsrun" for iden 21
Initialized analysis "maxcellres" for iden 21
Initialized analysis "qEfficiency" for iden 21
Initialized analysis "qshare1d" for iden 21
Initialized analysis "qshare2d" for iden 21
Initialized analysis "residuals" for iden 21
[ botho-21 ]: module recognized as FE-I4
Initialized analysis "botho" for iden 21
Initialized analysis "sumtot" for iden 21
Output is being redirected to /remote/pcatlas70/testbeam/output/new_reco_feb/trunk20141020/eudetPPSFeb2014FEI4/geoid212/geoid212.log

###################################################################
process geoid213
###################################################################
Preparing analysis geoid213
tryset: configuration was set already to eudetPPSFeb2014FEI4
value not changed
Applying translations /remote/pcatlas70/testbeam/output/new_reco_feb/trunk20141020/eudetPPSFeb2014FEI4/geoid213/checkalign2/geoid213-checkalign-20-translations.txt for DUT 20
Applying translations /remote/pcatlas70/testbeam/output/new_reco_feb/trunk20141020/eudetPPSFeb2014FEI4/geoid213/checkalign2/geoid213-checkalign-21-translations.txt for DUT 21
Applying eta corrections /remote/pcatlas70/testbeam/output/new_reco_feb/trunk20141020/eudetPPSFeb2014FEI4/geoid213/getetacorr/geoid213-getetacorr-20-etacalib.txt for DUT 20
Applying hot pixel mask /remote/pcatlas70/testbeam/output/new_reco_feb/trunk20141020/eudetPPSFeb2014FEI4/geoid213/hotpixelfinder/geoid213-hotpixelfinder-20-masks.txt for DUT 20
Adding DUT with iden 20
Applying eta corrections /remote/pcatlas70/testbeam/output/new_reco_feb/trunk20141020/eudetPPSFeb2014FEI4/geoid213/getetacorr/geoid213-getetacorr-21-etacalib.txt for DUT 21
Applying hot pixel mask /remote/pcatlas70/testbeam/output/new_reco_feb/trunk20141020/eudetPPSFeb2014FEI4/geoid213/hotpixelfinder/geoid213-hotpixelfinder-21-masks.txt for DUT 21
Adding DUT with iden 21
Initialized EventBuilder "EuBuildTrack"
Initialized EventBuilder "PixelMasker"
Initialized EventBuilder "ClusterFinder"
Initialized EventBuilder "CheckRegion"
Initialized EventBuilder "Chi2Builder"
Initialized analysis "getetacorr" for iden 20
[ hotpixelfinder-20 ]: Cuts from DUT calib: 0 < lv1 < 16
Initialized analysis "hotpixelfinder" for iden 20
Initialized analysis "beamprofile" for iden 20
Initialized analysis "checkalign" for iden 20
Initialized analysis "checktrack" for iden 20
Initialized analysis "clusterchecker" for iden 20
Initialized analysis "clustervsrun" for iden 20
Initialized analysis "clusterpixtot" for iden 20
Initialized analysis "edgeefficiency" for iden 20
Initialized analysis "efficiency" for iden 20
Initialized analysis "efficiency2" for iden 20
Initialized analysis "efficiencyvsrun" for iden 20
Initialized analysis "maxcellres" for iden 20
Initialized analysis "qEfficiency" for iden 20
Initialized analysis "qshare1d" for iden 20
Initialized analysis "qshare2d" for iden 20
Initialized analysis "residuals" for iden 20
[ botho-20 ]: module recognized as FE-I4
Initialized analysis "botho" for iden 20
Initialized analysis "sumtot" for iden 20
Initialized analysis "getetacorr" for iden 21
[ hotpixelfinder-21 ]: Cuts from DUT calib: 0 < lv1 < 16
Initialized analysis "hotpixelfinder" for iden 21
Initialized analysis "beamprofile" for iden 21
Initialized analysis "checkalign" for iden 21
Initialized analysis "checktrack" for iden 21
Initialized analysis "clusterchecker" for iden 21
Initialized analysis "clustervsrun" for iden 21
Initialized analysis "clusterpixtot" for iden 21
Initialized analysis "edgeefficiency" for iden 21
Initialized analysis "efficiency" for iden 21
Initialized analysis "efficiency2" for iden 21
Initialized analysis "efficiencyvsrun" for iden 21
Initialized analysis "maxcellres" for iden 21
Initialized analysis "qEfficiency" for iden 21
Initialized analysis "qshare1d" for iden 21
Initialized analysis "qshare2d" for iden 21
Initialized analysis "residuals" for iden 21
[ botho-21 ]: module recognized as FE-I4
Initialized analysis "botho" for iden 21
Initialized analysis "sumtot" for iden 21
Output is being redirected to /remote/pcatlas70/testbeam/output/new_reco_feb/trunk20141020/eudetPPSFeb2014FEI4/geoid213/geoid213.log

###################################################################
process geoid214
###################################################################
Preparing analysis geoid214
tryset: configuration was set already to eudetPPSFeb2014FEI4
value not changed
Applying translations /remote/pcatlas70/testbeam/output/new_reco_feb/trunk20141020/eudetPPSFeb2014FEI4/geoid214/checkalign2/geoid214-checkalign-20-translations.txt for DUT 20
Applying translations /remote/pcatlas70/testbeam/output/new_reco_feb/trunk20141020/eudetPPSFeb2014FEI4/geoid214/checkalign2/geoid214-checkalign-21-translations.txt for DUT 21
Applying eta corrections /remote/pcatlas70/testbeam/output/new_reco_feb/trunk20141020/eudetPPSFeb2014FEI4/geoid214/getetacorr/geoid214-getetacorr-20-etacalib.txt for DUT 20
Applying hot pixel mask /remote/pcatlas70/testbeam/output/new_reco_feb/trunk20141020/eudetPPSFeb2014FEI4/geoid214/hotpixelfinder/geoid214-hotpixelfinder-20-masks.txt for DUT 20
Adding DUT with iden 20
Applying eta corrections /remote/pcatlas70/testbeam/output/new_reco_feb/trunk20141020/eudetPPSFeb2014FEI4/geoid214/getetacorr/geoid214-getetacorr-21-etacalib.txt for DUT 21
Applying hot pixel mask /remote/pcatlas70/testbeam/output/new_reco_feb/trunk20141020/eudetPPSFeb2014FEI4/geoid214/hotpixelfinder/geoid214-hotpixelfinder-21-masks.txt for DUT 21
Adding DUT with iden 21
Initialized EventBuilder "EuBuildTrack"
Initialized EventBuilder "PixelMasker"
Initialized EventBuilder "ClusterFinder"
Initialized EventBuilder "CheckRegion"
Initialized EventBuilder "Chi2Builder"
Initialized analysis "getetacorr" for iden 20
[ hotpixelfinder-20 ]: Cuts from DUT calib: 0 < lv1 < 16
Initialized analysis "hotpixelfinder" for iden 20
Initialized analysis "beamprofile" for iden 20
Initialized analysis "checkalign" for iden 20
Initialized analysis "checktrack" for iden 20
Initialized analysis "clusterchecker" for iden 20
Initialized analysis "clustervsrun" for iden 20
Initialized analysis "clusterpixtot" for iden 20
Initialized analysis "edgeefficiency" for iden 20
Initialized analysis "efficiency" for iden 20
Initialized analysis "efficiency2" for iden 20
Initialized analysis "efficiencyvsrun" for iden 20
Initialized analysis "maxcellres" for iden 20
Initialized analysis "qEfficiency" for iden 20
Initialized analysis "qshare1d" for iden 20
Initialized analysis "qshare2d" for iden 20
Initialized analysis "residuals" for iden 20
[ botho-20 ]: module recognized as FE-I4
Initialized analysis "botho" for iden 20
Initialized analysis "sumtot" for iden 20
Initialized analysis "getetacorr" for iden 21
[ hotpixelfinder-21 ]: Cuts from DUT calib: 0 < lv1 < 16
Initialized analysis "hotpixelfinder" for iden 21
Initialized analysis "beamprofile" for iden 21
Initialized analysis "checkalign" for iden 21
Initialized analysis "checktrack" for iden 21
Initialized analysis "clusterchecker" for iden 21
Initialized analysis "clustervsrun" for iden 21
Initialized analysis "clusterpixtot" for iden 21
Initialized analysis "edgeefficiency" for iden 21
Initialized analysis "efficiency" for iden 21
Initialized analysis "efficiency2" for iden 21
Initialized analysis "efficiencyvsrun" for iden 21
Initialized analysis "maxcellres" for iden 21
Initialized analysis "qEfficiency" for iden 21
Initialized analysis "qshare1d" for iden 21
Initialized analysis "qshare2d" for iden 21
Initialized analysis "residuals" for iden 21
[ botho-21 ]: module recognized as FE-I4
Initialized analysis "botho" for iden 21
Initialized analysis "sumtot" for iden 21
Output is being redirected to /remote/pcatlas70/testbeam/output/new_reco_feb/trunk20141020/eudetPPSFeb2014FEI4/geoid214/geoid214.log

###################################################################
process geoid215
###################################################################
Preparing analysis geoid215
tryset: configuration was set already to eudetPPSFeb2014FEI4
value not changed
Applying translations /remote/pcatlas70/testbeam/output/new_reco_feb/trunk20141020/eudetPPSFeb2014FEI4/geoid215/checkalign2/geoid215-checkalign-20-translations.txt for DUT 20
Applying translations /remote/pcatlas70/testbeam/output/new_reco_feb/trunk20141020/eudetPPSFeb2014FEI4/geoid215/checkalign2/geoid215-checkalign-21-translations.txt for DUT 21
Applying eta corrections /remote/pcatlas70/testbeam/output/new_reco_feb/trunk20141020/eudetPPSFeb2014FEI4/geoid215/getetacorr/geoid215-getetacorr-20-etacalib.txt for DUT 20
Applying hot pixel mask /remote/pcatlas70/testbeam/output/new_reco_feb/trunk20141020/eudetPPSFeb2014FEI4/geoid215/hotpixelfinder/geoid215-hotpixelfinder-20-masks.txt for DUT 20
Adding DUT with iden 20
Applying eta corrections /remote/pcatlas70/testbeam/output/new_reco_feb/trunk20141020/eudetPPSFeb2014FEI4/geoid215/getetacorr/geoid215-getetacorr-21-etacalib.txt for DUT 21
Applying hot pixel mask /remote/pcatlas70/testbeam/output/new_reco_feb/trunk20141020/eudetPPSFeb2014FEI4/geoid215/hotpixelfinder/geoid215-hotpixelfinder-21-masks.txt for DUT 21
Adding DUT with iden 21
Initialized EventBuilder "EuBuildTrack"
Initialized EventBuilder "PixelMasker"
Initialized EventBuilder "ClusterFinder"
Initialized EventBuilder "CheckRegion"
Initialized EventBuilder "Chi2Builder"
Initialized analysis "getetacorr" for iden 20
[ hotpixelfinder-20 ]: Cuts from DUT calib: 0 < lv1 < 16
Initialized analysis "hotpixelfinder" for iden 20
Initialized analysis "beamprofile" for iden 20
Initialized analysis "checkalign" for iden 20
Initialized analysis "checktrack" for iden 20
Initialized analysis "clusterchecker" for iden 20
Initialized analysis "clustervsrun" for iden 20
Initialized analysis "clusterpixtot" for iden 20
Initialized analysis "edgeefficiency" for iden 20
Initialized analysis "efficiency" for iden 20
Initialized analysis "efficiency2" for iden 20
Initialized analysis "efficiencyvsrun" for iden 20
Initialized analysis "maxcellres" for iden 20
Initialized analysis "qEfficiency" for iden 20
Initialized analysis "qshare1d" for iden 20
Initialized analysis "qshare2d" for iden 20
Initialized analysis "residuals" for iden 20
[ botho-20 ]: module recognized as FE-I4
Initialized analysis "botho" for iden 20
Initialized analysis "sumtot" for iden 20
Initialized analysis "getetacorr" for iden 21
[ hotpixelfinder-21 ]: Cuts from DUT calib: 0 < lv1 < 16
Initialized analysis "hotpixelfinder" for iden 21
Initialized analysis "beamprofile" for iden 21
Initialized analysis "checkalign" for iden 21
Initialized analysis "checktrack" for iden 21
Initialized analysis "clusterchecker" for iden 21
Initialized analysis "clustervsrun" for iden 21
Initialized analysis "clusterpixtot" for iden 21
Initialized analysis "edgeefficiency" for iden 21
Initialized analysis "efficiency" for iden 21
Initialized analysis "efficiency2" for iden 21
Initialized analysis "efficiencyvsrun" for iden 21
Initialized analysis "maxcellres" for iden 21
Initialized analysis "qEfficiency" for iden 21
Initialized analysis "qshare1d" for iden 21
Initialized analysis "qshare2d" for iden 21
Initialized analysis "residuals" for iden 21
[ botho-21 ]: module recognized as FE-I4
Initialized analysis "botho" for iden 21
Initialized analysis "sumtot" for iden 21
Output is being redirected to /remote/pcatlas70/testbeam/output/new_reco_feb/trunk20141020/eudetPPSFeb2014FEI4/geoid215/geoid215.log

###################################################################
process geoid216
###################################################################
Preparing analysis geoid216
tryset: configuration was set already to eudetPPSFeb2014FEI4
value not changed
Applying translations /remote/pcatlas70/testbeam/output/new_reco_feb/trunk20141020/eudetPPSFeb2014FEI4/geoid216/checkalign2/geoid216-checkalign-20-translations.txt for DUT 20
Applying translations /remote/pcatlas70/testbeam/output/new_reco_feb/trunk20141020/eudetPPSFeb2014FEI4/geoid216/checkalign2/geoid216-checkalign-21-translations.txt for DUT 21
Applying eta corrections /remote/pcatlas70/testbeam/output/new_reco_feb/trunk20141020/eudetPPSFeb2014FEI4/geoid216/getetacorr/geoid216-getetacorr-20-etacalib.txt for DUT 20
Applying hot pixel mask /remote/pcatlas70/testbeam/output/new_reco_feb/trunk20141020/eudetPPSFeb2014FEI4/geoid216/hotpixelfinder/geoid216-hotpixelfinder-20-masks.txt for DUT 20
Adding DUT with iden 20
Applying eta corrections /remote/pcatlas70/testbeam/output/new_reco_feb/trunk20141020/eudetPPSFeb2014FEI4/geoid216/getetacorr/geoid216-getetacorr-21-etacalib.txt for DUT 21
Applying hot pixel mask /remote/pcatlas70/testbeam/output/new_reco_feb/trunk20141020/eudetPPSFeb2014FEI4/geoid216/hotpixelfinder/geoid216-hotpixelfinder-21-masks.txt for DUT 21
Adding DUT with iden 21
Initialized EventBuilder "EuBuildTrack"
Initialized EventBuilder "PixelMasker"
Initialized EventBuilder "ClusterFinder"
Initialized EventBuilder "CheckRegion"
Initialized EventBuilder "Chi2Builder"
Initialized analysis "getetacorr" for iden 20
[ hotpixelfinder-20 ]: Cuts from DUT calib: 0 < lv1 < 16
Initialized analysis "hotpixelfinder" for iden 20
Initialized analysis "beamprofile" for iden 20
Initialized analysis "checkalign" for iden 20
Initialized analysis "checktrack" for iden 20
Initialized analysis "clusterchecker" for iden 20
Initialized analysis "clustervsrun" for iden 20
Initialized analysis "clusterpixtot" for iden 20
Initialized analysis "edgeefficiency" for iden 20
Initialized analysis "efficiency" for iden 20
Initialized analysis "efficiency2" for iden 20
Initialized analysis "efficiencyvsrun" for iden 20
Initialized analysis "maxcellres" for iden 20
Initialized analysis "qEfficiency" for iden 20
Initialized analysis "qshare1d" for iden 20
Initialized analysis "qshare2d" for iden 20
Initialized analysis "residuals" for iden 20
[ botho-20 ]: module recognized as FE-I4
Initialized analysis "botho" for iden 20
Initialized analysis "sumtot" for iden 20
Initialized analysis "getetacorr" for iden 21
[ hotpixelfinder-21 ]: Cuts from DUT calib: 0 < lv1 < 16
Initialized analysis "hotpixelfinder" for iden 21
Initialized analysis "beamprofile" for iden 21
Initialized analysis "checkalign" for iden 21
Initialized analysis "checktrack" for iden 21
Initialized analysis "clusterchecker" for iden 21
Initialized analysis "clustervsrun" for iden 21
Initialized analysis "clusterpixtot" for iden 21
Initialized analysis "edgeefficiency" for iden 21
Initialized analysis "efficiency" for iden 21
Initialized analysis "efficiency2" for iden 21
Initialized analysis "efficiencyvsrun" for iden 21
Initialized analysis "maxcellres" for iden 21
Initialized analysis "qEfficiency" for iden 21
Initialized analysis "qshare1d" for iden 21
Initialized analysis "qshare2d" for iden 21
Initialized analysis "residuals" for iden 21
[ botho-21 ]: module recognized as FE-I4
Initialized analysis "botho" for iden 21
Initialized analysis "sumtot" for iden 21
Output is being redirected to /remote/pcatlas70/testbeam/output/new_reco_feb/trunk20141020/eudetPPSFeb2014FEI4/geoid216/geoid216.log

###################################################################
process geoid217
###################################################################
Preparing analysis geoid217
tryset: configuration was set already to eudetPPSFeb2014FEI4
value not changed
Applying translations /remote/pcatlas70/testbeam/output/new_reco_feb/trunk20141020/eudetPPSFeb2014FEI4/geoid217/checkalign2/geoid217-checkalign-20-translations.txt for DUT 20
Applying translations /remote/pcatlas70/testbeam/output/new_reco_feb/trunk20141020/eudetPPSFeb2014FEI4/geoid217/checkalign2/geoid217-checkalign-21-translations.txt for DUT 21
Applying eta corrections /remote/pcatlas70/testbeam/output/new_reco_feb/trunk20141020/eudetPPSFeb2014FEI4/geoid217/getetacorr/geoid217-getetacorr-20-etacalib.txt for DUT 20
Applying hot pixel mask /remote/pcatlas70/testbeam/output/new_reco_feb/trunk20141020/eudetPPSFeb2014FEI4/geoid217/hotpixelfinder/geoid217-hotpixelfinder-20-masks.txt for DUT 20
Adding DUT with iden 20
Applying eta corrections /remote/pcatlas70/testbeam/output/new_reco_feb/trunk20141020/eudetPPSFeb2014FEI4/geoid217/getetacorr/geoid217-getetacorr-21-etacalib.txt for DUT 21
Applying hot pixel mask /remote/pcatlas70/testbeam/output/new_reco_feb/trunk20141020/eudetPPSFeb2014FEI4/geoid217/hotpixelfinder/geoid217-hotpixelfinder-21-masks.txt for DUT 21
Adding DUT with iden 21
Initialized EventBuilder "EuBuildTrack"
Initialized EventBuilder "PixelMasker"
Initialized EventBuilder "ClusterFinder"
Initialized EventBuilder "CheckRegion"
Initialized EventBuilder "Chi2Builder"
Initialized analysis "getetacorr" for iden 20
[ hotpixelfinder-20 ]: Cuts from DUT calib: 0 < lv1 < 16
Initialized analysis "hotpixelfinder" for iden 20
Initialized analysis "beamprofile" for iden 20
Initialized analysis "checkalign" for iden 20
Initialized analysis "checktrack" for iden 20
Initialized analysis "clusterchecker" for iden 20
Initialized analysis "clustervsrun" for iden 20
Initialized analysis "clusterpixtot" for iden 20
Initialized analysis "edgeefficiency" for iden 20
Initialized analysis "efficiency" for iden 20
Initialized analysis "efficiency2" for iden 20
Initialized analysis "efficiencyvsrun" for iden 20
Initialized analysis "maxcellres" for iden 20
Initialized analysis "qEfficiency" for iden 20
Initialized analysis "qshare1d" for iden 20
Initialized analysis "qshare2d" for iden 20
Initialized analysis "residuals" for iden 20
[ botho-20 ]: module recognized as FE-I4
Initialized analysis "botho" for iden 20
Initialized analysis "sumtot" for iden 20
Initialized analysis "getetacorr" for iden 21
[ hotpixelfinder-21 ]: Cuts from DUT calib: 0 < lv1 < 16
Initialized analysis "hotpixelfinder" for iden 21
Initialized analysis "beamprofile" for iden 21
Initialized analysis "checkalign" for iden 21
Initialized analysis "checktrack" for iden 21
Initialized analysis "clusterchecker" for iden 21
Initialized analysis "clustervsrun" for iden 21
Initialized analysis "clusterpixtot" for iden 21
Initialized analysis "edgeefficiency" for iden 21
Initialized analysis "efficiency" for iden 21
Initialized analysis "efficiency2" for iden 21
Initialized analysis "efficiencyvsrun" for iden 21
Initialized analysis "maxcellres" for iden 21
Initialized analysis "qEfficiency" for iden 21
Initialized analysis "qshare1d" for iden 21
Initialized analysis "qshare2d" for iden 21
Initialized analysis "residuals" for iden 21
[ botho-21 ]: module recognized as FE-I4
Initialized analysis "botho" for iden 21
Initialized analysis "sumtot" for iden 21
Output is being redirected to /remote/pcatlas70/testbeam/output/new_reco_feb/trunk20141020/eudetPPSFeb2014FEI4/geoid217/geoid217.log

###################################################################
process geoid218
###################################################################
Preparing analysis geoid218
tryset: configuration was set already to eudetPPSFeb2014FEI4
value not changed
Applying translations /remote/pcatlas70/testbeam/output/new_reco_feb/trunk20141020/eudetPPSFeb2014FEI4/geoid218/checkalign2/geoid218-checkalign-20-translations.txt for DUT 20
Applying translations /remote/pcatlas70/testbeam/output/new_reco_feb/trunk20141020/eudetPPSFeb2014FEI4/geoid218/checkalign2/geoid218-checkalign-21-translations.txt for DUT 21
Applying eta corrections /remote/pcatlas70/testbeam/output/new_reco_feb/trunk20141020/eudetPPSFeb2014FEI4/geoid218/getetacorr/geoid218-getetacorr-20-etacalib.txt for DUT 20
Applying hot pixel mask /remote/pcatlas70/testbeam/output/new_reco_feb/trunk20141020/eudetPPSFeb2014FEI4/geoid218/hotpixelfinder/geoid218-hotpixelfinder-20-masks.txt for DUT 20
Adding DUT with iden 20
Applying eta corrections /remote/pcatlas70/testbeam/output/new_reco_feb/trunk20141020/eudetPPSFeb2014FEI4/geoid218/getetacorr/geoid218-getetacorr-21-etacalib.txt for DUT 21
Applying hot pixel mask /remote/pcatlas70/testbeam/output/new_reco_feb/trunk20141020/eudetPPSFeb2014FEI4/geoid218/hotpixelfinder/geoid218-hotpixelfinder-21-masks.txt for DUT 21
Adding DUT with iden 21
Initialized EventBuilder "EuBuildTrack"
Initialized EventBuilder "PixelMasker"
Initialized EventBuilder "ClusterFinder"
Initialized EventBuilder "CheckRegion"
Initialized EventBuilder "Chi2Builder"
Initialized analysis "getetacorr" for iden 20
[ hotpixelfinder-20 ]: Cuts from DUT calib: 0 < lv1 < 16
Initialized analysis "hotpixelfinder" for iden 20
Initialized analysis "beamprofile" for iden 20
Initialized analysis "checkalign" for iden 20
Initialized analysis "checktrack" for iden 20
Initialized analysis "clusterchecker" for iden 20
Initialized analysis "clustervsrun" for iden 20
Initialized analysis "clusterpixtot" for iden 20
Initialized analysis "edgeefficiency" for iden 20
Initialized analysis "efficiency" for iden 20
Initialized analysis "efficiency2" for iden 20
Initialized analysis "efficiencyvsrun" for iden 20
Initialized analysis "maxcellres" for iden 20
Initialized analysis "qEfficiency" for iden 20
Initialized analysis "qshare1d" for iden 20
Initialized analysis "qshare2d" for iden 20
Initialized analysis "residuals" for iden 20
[ botho-20 ]: module recognized as FE-I4
Initialized analysis "botho" for iden 20
Initialized analysis "sumtot" for iden 20
Initialized analysis "getetacorr" for iden 21
[ hotpixelfinder-21 ]: Cuts from DUT calib: 0 < lv1 < 16
Initialized analysis "hotpixelfinder" for iden 21
Initialized analysis "beamprofile" for iden 21
Initialized analysis "checkalign" for iden 21
Initialized analysis "checktrack" for iden 21
Initialized analysis "clusterchecker" for iden 21
Initialized analysis "clustervsrun" for iden 21
Initialized analysis "clusterpixtot" for iden 21
Initialized analysis "edgeefficiency" for iden 21
Initialized analysis "efficiency" for iden 21
Initialized analysis "efficiency2" for iden 21
Initialized analysis "efficiencyvsrun" for iden 21
Initialized analysis "maxcellres" for iden 21
Initialized analysis "qEfficiency" for iden 21
Initialized analysis "qshare1d" for iden 21
Initialized analysis "qshare2d" for iden 21
Initialized analysis "residuals" for iden 21
[ botho-21 ]: module recognized as FE-I4
Initialized analysis "botho" for iden 21
Initialized analysis "sumtot" for iden 21
Output is being redirected to /remote/pcatlas70/testbeam/output/new_reco_feb/trunk20141020/eudetPPSFeb2014FEI4/geoid218/geoid218.log

